aioify==0.1.3
asn1crypto==0.24.0
async-generator==1.10
backcall==0.1.0
beautifulsoup4==4.7.1
certifi==2019.3.9
cffi==1.12.3
chardet==3.0.4
conda==4.6.14
cryptography==2.6.1
decorator==4.4.0
eyeD3==0.8.10
idna==2.8
instantmusic==2.2
ipython==7.5.0
ipython-genutils==0.2.0
jedi==0.13.3
module-wrapper==0.2.4
nest-asyncio==1.0.0
parso==0.4.0
pexpect==4.7.0
pickleshare==0.7.5
poetry-version==0.1.3
prompt-toolkit==2.0.9
ptyprocess==0.6.0
pyaes==1.6.1
pyasn1==0.4.5
pycosat==0.6.3
pycparser==2.19
Pygments==2.4.0
pyOpenSSL==19.0.0
PySocks==1.7.0
python-magic==0.4.15
regex==2019.5.25
requests==2.21.0
rsa==4.0
ruamel-yaml==0.15.46
simplegeneric==0.8.1
six==1.12.0
soupsieve==1.9.1
Telethon==1.8.0
tomlkit==0.5.3
traitlets==4.3.2
urllib3==1.24.2
wcwidth==0.1.7
wget==3.2
youtube-dl==2019.5.20
